2023.12.01 13:51:27.423 MSK INFO: *** SYSTEM START ***
2023.12.01 13:51:27.589 MSK WARNING: missing bundle: protege_text -- BundleHelper.<init>()
2023.12.02 12:22:52.259 MSK INFO: *** SYSTEM START ***
2023.12.02 12:22:52.446 MSK WARNING: missing bundle: protege_text -- BundleHelper.<init>()
2023.12.02 12:22:59.263 MSK INFO: Load time for file:/home/ru/clojure/pro-figwheel/pprj_base/Figwheel.pprj = 0 sec (project) + 0 sec (ui) -- ProjectManager$3.run()
2023.12.02 12:51:58.859 MSK INFO: *** SYSTEM START ***
2023.12.02 12:51:59.040 MSK WARNING: missing bundle: protege_text -- BundleHelper.<init>()
2023.12.02 12:52:05.356 MSK INFO: Load time for file:/home/ru/clojure/pro-figwheel/pprj_base/Figwheel.pprj = 0 sec (project) + 0 sec (ui) -- ProjectManager$3.run()
2023.12.02 13:18:00.833 MSK INFO: *** SYSTEM START ***
2023.12.02 13:18:01.016 MSK WARNING: missing bundle: protege_text -- BundleHelper.<init>()
2023.12.02 13:18:05.715 MSK INFO: Load time for file:/home/ru/clojure/pro-figwheel/pprj_base/Figwheel.pprj = 0 sec (project) + 0 sec (ui) -- ProjectManager$3.run()
2023.12.02 16:39:33.863 MSK INFO: Project load time for file:/home/ru/clojure/pro-figwheel/pprj_base/Clojure.pprj: 0 sec -- ProjectChooser.loadProject()
2023.12.02 16:39:33.986 MSK INFO: UI display time = 0 sec -- ProjectManager$2.run()
2023.12.02 16:44:40.431 MSK SEVERE: no direct type: Clojure_Class290003 -- Project.createRuntimeClsWidget()
2023.12.02 16:44:40.654 MSK SEVERE: no direct type: Clojure_Class290003 -- Project.createRuntimeClsWidget()
2023.12.02 16:47:03.817 MSK INFO: *** SYSTEM START ***
2023.12.02 16:47:03.997 MSK WARNING: missing bundle: protege_text -- BundleHelper.<init>()
2023.12.02 16:47:16.817 MSK INFO: Load time for file:/home/ru/clojure/pro-figwheel/pprj_base/Figwheel.pprj = 0 sec (project) + 4 sec (ui) -- ProjectManager$3.run()
2023.12.02 16:49:04.797 MSK INFO: Project load time for file:/home/ru/clojure/pro-figwheel/pprj_base/ProClojure.pprj: 0 sec -- ProjectChooser.loadProject()
2023.12.02 16:49:04.975 MSK INFO: UI display time = 0 sec -- ProjectManager$2.run()
2023.12.02 16:49:34.869 MSK INFO: *** SYSTEM START ***
2023.12.02 16:49:35.052 MSK WARNING: missing bundle: protege_text -- BundleHelper.<init>()
2023.12.02 16:49:43.775 MSK INFO: Load time for file:/home/ru/clojure/pro-figwheel/pprj_base/Figwheel.pprj = 0 sec (project) + 4 sec (ui) -- ProjectManager$3.run()
2023.12.02 18:26:18.753 MSK INFO: *** SYSTEM START ***
2023.12.02 18:26:18.934 MSK WARNING: missing bundle: protege_text -- BundleHelper.<init>()
2023.12.02 18:26:30.253 MSK INFO: Load time for file:/home/ru/clojure/pro-figwheel/pprj_base/Figwheel.pprj = 0 sec (project) + 4 sec (ui) -- ProjectManager$3.run()
2023.12.02 18:32:41.942 MSK INFO: *** SYSTEM START ***
2023.12.02 18:32:42.131 MSK WARNING: missing bundle: protege_text -- BundleHelper.<init>()
2023.12.02 18:32:51.684 MSK INFO: Load time for file:/home/ru/clojure/pro-figwheel/pprj_base/Figwheel.pprj = 0 sec (project) + 4 sec (ui) -- ProjectManager$3.run()
2023.12.02 18:39:39.758 MSK INFO: *** SYSTEM START ***
2023.12.02 18:39:39.958 MSK WARNING: missing bundle: protege_text -- BundleHelper.<init>()
2023.12.02 18:40:58.951 MSK INFO: Load time for file:/home/ru/clojure/pro-figwheel/pprj_apps/Hello%20World.pprj = 0 sec (project) + 0 sec (ui) -- ProjectManager$3.run()
2023.12.03 13:38:48.736 MSK INFO: *** SYSTEM START ***
2023.12.03 13:38:49.203 MSK WARNING: missing bundle: protege_text -- BundleHelper.<init>()
2023.12.03 13:39:10.758 MSK INFO: Load time for file:/home/ru/clojure/pro-figwheel/pprj_base/Figwheel.pprj = 0 sec (project) + 0 sec (ui) -- ProjectManager$3.run()
2023.12.03 18:02:42.597 MSK INFO: *** SYSTEM START ***
2023.12.03 18:02:42.828 MSK WARNING: missing bundle: protege_text -- BundleHelper.<init>()
2023.12.03 18:02:51.116 MSK INFO: Load time for file:/home/ru/clojure/pro-figwheel/pprj_apps/Hello%20World.pprj = 0 sec (project) + 0 sec (ui) -- ProjectManager$3.run()
2023.12.03 18:15:18.070 MSK INFO: *** SYSTEM START ***
2023.12.03 18:15:18.258 MSK WARNING: missing bundle: protege_text -- BundleHelper.<init>()
2023.12.03 18:15:25.882 MSK INFO: Load time for file:/home/ru/clojure/pro-figwheel/pprj_base/Figwheel.pprj = 0 sec (project) + 0 sec (ui) -- ProjectManager$3.run()
2023.12.03 18:18:38.912 MSK INFO: *** SYSTEM START ***
2023.12.03 18:18:39.093 MSK WARNING: missing bundle: protege_text -- BundleHelper.<init>()
2023.12.03 18:18:47.219 MSK INFO: Load time for file:/home/ru/clojure/pro-figwheel/pprj_apps/Hello%20World.pprj = 0 sec (project) + 0 sec (ui) -- ProjectManager$3.run()
2023.12.03 18:26:52.846 MSK INFO: *** SYSTEM START ***
2023.12.03 18:26:53.042 MSK WARNING: missing bundle: protege_text -- BundleHelper.<init>()
2023.12.03 18:27:00.034 MSK INFO: Load time for file:/home/ru/clojure/pro-figwheel/pprj_base/Figwheel.pprj = 0 sec (project) + 0 sec (ui) -- ProjectManager$3.run()
2023.12.03 18:27:54.949 MSK INFO: *** SYSTEM START ***
2023.12.03 18:27:55.132 MSK WARNING: missing bundle: protege_text -- BundleHelper.<init>()
2023.12.03 18:28:04.075 MSK INFO: Load time for file:/home/ru/clojure/pro-figwheel/pprj_apps/Hello%20World.pprj = 0 sec (project) + 4 sec (ui) -- ProjectManager$3.run()
2023.12.03 18:30:36.973 MSK INFO: *** SYSTEM START ***
2023.12.03 18:30:37.173 MSK WARNING: missing bundle: protege_text -- BundleHelper.<init>()
2023.12.03 18:30:56.723 MSK INFO: Project load time for file:/home/ru/clojure/pro-figwheel/pprj_base/Figwheel.pprj: 0 sec -- ProjectChooser.loadProject()
2023.12.03 18:30:57.159 MSK INFO: UI display time = 0 sec -- ProjectManager$2.run()
2023.12.03 18:32:09.037 MSK INFO: Project load time for file:/home/ru/clojure/pro-figwheel/pprj_base/ProClojure.pprj: 0 sec -- ProjectChooser.loadProject()
2023.12.03 18:32:09.212 MSK INFO: UI display time = 0 sec -- ProjectManager$2.run()
2023.12.03 18:34:14.604 MSK INFO: Project load time for file:/home/ru/clojure/pro-figwheel/pprj_base/Figwheel.pprj: 0 sec -- ProjectChooser.loadProject()
2023.12.03 18:34:14.775 MSK INFO: UI display time = 0 sec -- ProjectManager$2.run()
2023.12.03 18:38:05.447 MSK INFO: *** SYSTEM START ***
2023.12.03 18:38:05.643 MSK WARNING: missing bundle: protege_text -- BundleHelper.<init>()
2023.12.03 18:38:15.453 MSK INFO: Load time for file:/home/ru/clojure/pro-figwheel/pprj_apps/Hello%20World.pprj = 0 sec (project) + 4 sec (ui) -- ProjectManager$3.run()
2023.12.03 19:41:23.729 MSK INFO: Project load time for file:/home/ru/clojure/pro-figwheel/pprj_base/Figwheel.pprj: 0 sec -- ProjectChooser.loadProject()
2023.12.03 19:41:23.899 MSK INFO: UI display time = 0 sec -- ProjectManager$2.run()
2023.12.03 19:43:58.828 MSK INFO: *** SYSTEM START ***
2023.12.03 19:43:59.013 MSK WARNING: missing bundle: protege_text -- BundleHelper.<init>()
2023.12.03 19:45:33.908 MSK INFO: Load time for file:/home/ru/clojure/pro-figwheel/pprj_apps/HelloPage.pprj = 0 sec (project) + 0 sec (ui) -- ProjectManager$3.run()
2023.12.03 21:00:08.806 MSK INFO: *** SYSTEM START ***
2023.12.03 21:00:08.989 MSK WARNING: missing bundle: protege_text -- BundleHelper.<init>()
2023.12.03 21:00:15.813 MSK INFO: Load time for file:/home/ru/clojure/pro-figwheel/pprj_base/ProClojure.pprj = 0 sec (project) + 0 sec (ui) -- ProjectManager$3.run()
2023.12.04 10:19:14.126 MSK INFO: *** SYSTEM START ***
2023.12.04 10:19:14.694 MSK WARNING: missing bundle: protege_text -- BundleHelper.<init>()
2023.12.04 10:19:42.993 MSK INFO: Load time for file:/home/ru/clojure/pro-figwheel/pprj_apps/Hello%20World.pprj = 0 sec (project) + 5 sec (ui) -- ProjectManager$3.run()
2023.12.04 10:22:27.674 MSK INFO: Project load time for file:/home/ru/clojure/pro-figwheel/pprj_base/Figwheel.pprj: 0 sec -- ProjectChooser.loadProject()
2023.12.04 10:22:27.842 MSK INFO: UI display time = 0 sec -- ProjectManager$2.run()
2023.12.04 10:23:36.296 MSK INFO: *** SYSTEM START ***
2023.12.04 10:23:36.485 MSK WARNING: missing bundle: protege_text -- BundleHelper.<init>()
2023.12.04 10:23:48.652 MSK INFO: Load time for file:/home/ru/clojure/pro-figwheel/pprj_apps/HelloPage.pprj = 0 sec (project) + 4 sec (ui) -- ProjectManager$3.run()
2023.12.04 10:57:57.308 MSK INFO: *** SYSTEM START ***
2023.12.04 10:57:57.489 MSK WARNING: missing bundle: protege_text -- BundleHelper.<init>()
2023.12.04 10:58:06.870 MSK INFO: Load time for file:/home/ru/clojure/pro-figwheel/pprj_apps/HelloPage.pprj = 0 sec (project) + 4 sec (ui) -- ProjectManager$3.run()
2023.12.04 13:02:51.294 MSK INFO: Project load time for file:/home/ru/clojure/pro-figwheel/pprj_base/ProClojure.pprj: 0 sec -- ProjectChooser.loadProject()
2023.12.04 13:02:51.440 MSK INFO: UI display time = 0 sec -- ProjectManager$2.run()
2023.12.04 13:11:01.282 MSK INFO: *** SYSTEM START ***
2023.12.04 13:11:01.460 MSK WARNING: missing bundle: protege_text -- BundleHelper.<init>()
2023.12.04 13:11:32.649 MSK INFO: Load time for file:/home/ru/clojure/pro-figwheel/pprj_apps/HelloBackend.pprj = 0 sec (project) + 4 sec (ui) -- ProjectManager$3.run()
2023.12.04 13:35:34.570 MSK INFO: Project load time for file:/home/ru/clojure/pro-figwheel/pprj_base/ProClojure.pprj: 0 sec -- ProjectChooser.loadProject()
2023.12.04 13:35:34.748 MSK INFO: UI display time = 0 sec -- ProjectManager$2.run()
2023.12.04 13:40:49.527 MSK INFO: *** SYSTEM START ***
2023.12.04 13:40:49.716 MSK WARNING: missing bundle: protege_text -- BundleHelper.<init>()
2023.12.04 13:40:58.310 MSK INFO: Load time for file:/home/ru/clojure/pro-figwheel/pprj_apps/HelloBackend.pprj = 0 sec (project) + 4 sec (ui) -- ProjectManager$3.run()
2023.12.04 17:29:33.360 MSK INFO: *** SYSTEM START ***
2023.12.04 17:29:33.546 MSK WARNING: missing bundle: protege_text -- BundleHelper.<init>()
2023.12.04 17:29:44.769 MSK INFO: Load time for file:/home/ru/clojure/pro-figwheel/pprj_apps/HelloBackend.pprj = 0 sec (project) + 4 sec (ui) -- ProjectManager$3.run()
2023.12.04 17:35:18.124 MSK INFO: Project load time for file:/home/ru/clojure/pro-figwheel/pprj_base/ProClojure.pprj: 0 sec -- ProjectChooser.loadProject()
2023.12.04 17:35:18.283 MSK INFO: UI display time = 0 sec -- ProjectManager$2.run()
2023.12.04 17:41:50.154 MSK INFO: *** SYSTEM START ***
2023.12.04 17:41:50.350 MSK WARNING: missing bundle: protege_text -- BundleHelper.<init>()
2023.12.04 17:42:02.593 MSK INFO: Load time for file:/home/ru/clojure/pro-figwheel/pprj_apps/HelloBackend.pprj = 0 sec (project) + 4 sec (ui) -- ProjectManager$3.run()
2023.12.04 17:46:19.266 MSK INFO: Project load time for file:/home/ru/clojure/pro-figwheel/pprj_base/ProClojure.pprj: 0 sec -- ProjectChooser.loadProject()
2023.12.04 17:46:19.424 MSK INFO: UI display time = 0 sec -- ProjectManager$2.run()
2023.12.04 17:47:49.776 MSK INFO: *** SYSTEM START ***
2023.12.04 17:47:49.965 MSK WARNING: missing bundle: protege_text -- BundleHelper.<init>()
2023.12.04 17:47:58.548 MSK INFO: Load time for file:/home/ru/clojure/pro-figwheel/pprj_apps/HelloBackend.pprj = 0 sec (project) + 4 sec (ui) -- ProjectManager$3.run()
2023.12.04 18:21:23.296 MSK INFO: *** SYSTEM START ***
2023.12.04 18:21:23.477 MSK WARNING: missing bundle: protege_text -- BundleHelper.<init>()
2023.12.04 18:21:39.101 MSK INFO: Load time for file:/home/ru/clojure/pro-figwheel/pprj_apps/HelloBackend.pprj = 0 sec (project) + 4 sec (ui) -- ProjectManager$3.run()
2023.12.05 11:35:25.496 MSK INFO: *** SYSTEM START ***
2023.12.05 11:35:25.780 MSK WARNING: missing bundle: protege_text -- BundleHelper.<init>()
2023.12.05 11:35:40.955 MSK INFO: Load time for file:/home/ru/clojure/pro-figwheel/pprj_apps/HelloBackend.pprj = 0 sec (project) + 4 sec (ui) -- ProjectManager$3.run()
2023.12.05 16:39:21.411 MSK INFO: *** SYSTEM START ***
2023.12.05 16:39:21.420 MSK WARNING: Plugins directory not found: /home/ru/clojure/pro-figwheel/plugins -- PluginUtilities.findPluginsDirectory()
2023.12.05 16:39:21.501 MSK WARNING: missing bundle: standard_extensions_text -- BundleHelper.<init>()
2023.12.05 16:39:21.503 MSK WARNING: no resource bundle: tab.queries -- BundleHelper.internalGetText()
2023.12.05 16:42:05.377 MSK INFO: *** SYSTEM START ***
2023.12.05 16:42:05.385 MSK WARNING: Plugins directory not found: /home/ru/clojure/pro-figwheel/plugins -- PluginUtilities.findPluginsDirectory()
2023.12.05 16:42:05.467 MSK WARNING: missing bundle: standard_extensions_text -- BundleHelper.<init>()
2023.12.05 16:42:05.468 MSK WARNING: no resource bundle: tab.queries -- BundleHelper.internalGetText()
2023.12.05 16:42:59.713 MSK INFO: *** SYSTEM START ***
2023.12.05 16:42:59.721 MSK WARNING: Plugins directory not found: /home/ru/clojure/pro-figwheel/plugins -- PluginUtilities.findPluginsDirectory()
2023.12.05 16:42:59.800 MSK WARNING: missing bundle: standard_extensions_text -- BundleHelper.<init>()
2023.12.05 16:42:59.801 MSK WARNING: no resource bundle: tab.queries -- BundleHelper.internalGetText()
2023.12.05 16:44:33.081 MSK INFO: *** SYSTEM START ***
2023.12.05 16:44:33.089 MSK WARNING: Plugins directory not found: /home/ru/clojure/pro-figwheel/plugins -- PluginUtilities.findPluginsDirectory()
2023.12.05 16:44:33.165 MSK WARNING: missing bundle: standard_extensions_text -- BundleHelper.<init>()
2023.12.05 16:44:33.167 MSK WARNING: no resource bundle: tab.queries -- BundleHelper.internalGetText()
2023.12.05 16:46:07.255 MSK INFO: *** SYSTEM START ***
2023.12.05 16:46:07.264 MSK WARNING: Plugins directory not found: /home/ru/clojure/pro-figwheel/plugins -- PluginUtilities.findPluginsDirectory()
2023.12.05 16:46:07.351 MSK WARNING: missing bundle: standard_extensions_text -- BundleHelper.<init>()
2023.12.05 16:46:07.353 MSK WARNING: no resource bundle: tab.queries -- BundleHelper.internalGetText()
2023.12.05 16:54:37.060 MSK INFO: *** SYSTEM START ***
2023.12.05 16:54:37.249 MSK WARNING: missing bundle: protege_text -- BundleHelper.<init>()
2023.12.05 16:54:52.616 MSK INFO: Load time for file:/home/ru/clojure/pro-figwheel/pprj_apps/HelloBackend.pprj = 0 sec (project) + 4 sec (ui) -- ProjectManager$3.run()
2023.12.05 17:34:07.973 MSK INFO: *** SYSTEM START ***
2023.12.05 17:34:08.166 MSK WARNING: missing bundle: protege_text -- BundleHelper.<init>()
2023.12.05 17:34:16.387 MSK INFO: Load time for file:/home/ru/clojure/pro-figwheel/pprj_apps/HelloBackend.pprj = 0 sec (project) + 4 sec (ui) -- ProjectManager$3.run()
2023.12.05 19:58:14.043 MSK INFO: *** SYSTEM START ***
2023.12.05 19:58:14.213 MSK WARNING: missing bundle: protege_text -- BundleHelper.<init>()
2023.12.05 19:58:23.977 MSK INFO: Load time for file:/home/ru/clojure/pro-figwheel/pprj_apps/HelloBackend.pprj = 0 sec (project) + 3 sec (ui) -- ProjectManager$3.run()
2023.12.06 10:31:49.970 MSK INFO: *** SYSTEM START ***
2023.12.06 10:31:50.457 MSK WARNING: missing bundle: protege_text -- BundleHelper.<init>()
2023.12.06 10:32:02.193 MSK INFO: Load time for file:/home/ru/clojure/pro-figwheel/pprj_apps/HelloBackend.pprj = 0 sec (project) + 4 sec (ui) -- ProjectManager$3.run()
2023.12.06 10:37:09.091 MSK INFO: *** SYSTEM START ***
2023.12.06 10:37:09.285 MSK WARNING: missing bundle: protege_text -- BundleHelper.<init>()
2023.12.06 10:37:54.620 MSK INFO: Load time for file:/home/ru/clojure/pro-figwheel/pprj_base/Figwheel.pprj = 0 sec (project) + 0 sec (ui) -- ProjectManager$3.run()
2023.12.06 10:41:00.480 MSK INFO: *** SYSTEM START ***
2023.12.06 10:41:00.657 MSK WARNING: missing bundle: protege_text -- BundleHelper.<init>()
2023.12.06 16:34:12.353 MSK INFO: *** SYSTEM START ***
2023.12.06 16:34:12.542 MSK WARNING: missing bundle: protege_text -- BundleHelper.<init>()
2023.12.06 16:34:23.556 MSK INFO: Project load time for file:/home/ru/clojure/pro-figwheel/pprj_base/ProClojure.pprj: 0 sec -- ProjectChooser.loadProject()
2023.12.06 16:34:23.974 MSK INFO: UI display time = 0 sec -- ProjectManager$2.run()
2023.12.10 17:09:21.634 MSK INFO: *** SYSTEM START ***
2023.12.10 17:09:21.838 MSK WARNING: missing bundle: protege_text -- BundleHelper.<init>()
2023.12.10 17:09:27.550 MSK INFO: Load time for file:/home/ru/clojure/pro-figwheel/pprj_apps/HelloHelix.pprj = 0 sec (project) + 0 sec (ui) -- ProjectManager$3.run()
2023.12.10 17:36:29.432 MSK INFO: *** SYSTEM START ***
2023.12.10 17:36:29.623 MSK WARNING: missing bundle: protege_text -- BundleHelper.<init>()
2023.12.10 17:36:38.365 MSK INFO: Load time for file:/home/ru/clojure/pro-figwheel/pprj_apps/HelloHelix.pprj = 0 sec (project) + 4 sec (ui) -- ProjectManager$3.run()
2023.12.10 17:42:56.255 MSK INFO: *** SYSTEM START ***
2023.12.10 17:42:56.447 MSK WARNING: missing bundle: protege_text -- BundleHelper.<init>()
2023.12.10 17:43:04.217 MSK INFO: Load time for file:/home/ru/clojure/pro-figwheel/pprj_apps/HelloHelix.pprj = 0 sec (project) + 4 sec (ui) -- ProjectManager$3.run()
2023.12.10 20:40:33.578 MSK INFO: *** SYSTEM START ***
2023.12.10 20:40:33.771 MSK WARNING: missing bundle: protege_text -- BundleHelper.<init>()
2023.12.10 20:43:13.341 MSK INFO: *** SYSTEM START ***
2023.12.10 20:43:13.536 MSK WARNING: missing bundle: protege_text -- BundleHelper.<init>()
2023.12.10 20:44:34.040 MSK INFO: Load time for file:/home/ru/clojure/pro-figwheel/pprj_apps/HelloReagent.pprj = 0 sec (project) + 0 sec (ui) -- ProjectManager$3.run()
2023.12.10 20:55:47.732 MSK INFO: *** SYSTEM START ***
2023.12.10 20:55:47.917 MSK WARNING: missing bundle: protege_text -- BundleHelper.<init>()
2023.12.10 20:55:56.202 MSK INFO: Load time for file:/home/ru/clojure/pro-figwheel/pprj_apps/HelloReagent.pprj = 0 sec (project) + 4 sec (ui) -- ProjectManager$3.run()
2023.12.10 21:15:26.617 MSK INFO: *** SYSTEM START ***
2023.12.10 21:15:26.802 MSK WARNING: missing bundle: protege_text -- BundleHelper.<init>()
2023.12.10 21:15:35.075 MSK INFO: Load time for file:/home/ru/clojure/pro-figwheel/pprj_apps/HelloReagent.pprj = 0 sec (project) + 4 sec (ui) -- ProjectManager$3.run()
2023.12.10 21:19:50.765 MSK INFO: *** SYSTEM START ***
2023.12.10 21:19:50.952 MSK WARNING: missing bundle: protege_text -- BundleHelper.<init>()
2023.12.10 21:19:59.384 MSK INFO: Load time for file:/home/ru/clojure/pro-figwheel/pprj_apps/HelloReagent.pprj = 0 sec (project) + 4 sec (ui) -- ProjectManager$3.run()
2023.12.11 10:17:38.851 MSK INFO: *** SYSTEM START ***
2023.12.11 10:17:39.535 MSK WARNING: missing bundle: protege_text -- BundleHelper.<init>()
2023.12.11 10:17:49.071 MSK INFO: Project load time for file:/home/ru/clojure/pro-figwheel/pprj_base/Figwheel.pprj: 0 sec -- ProjectChooser.loadProject()
2023.12.11 10:17:49.555 MSK INFO: UI display time = 0 sec -- ProjectManager$2.run()
2023.12.11 10:37:16.643 MSK INFO: *** SYSTEM START ***
2023.12.11 10:37:16.822 MSK WARNING: missing bundle: protege_text -- BundleHelper.<init>()
2023.12.11 10:37:32.851 MSK INFO: Load time for file:/home/ru/clojure/pro-figwheel/pprj_apps/HelloReagent.pprj = 0 sec (project) + 4 sec (ui) -- ProjectManager$3.run()
2023.12.11 10:53:21.940 MSK INFO: Project load time for file:/home/ru/clojure/pro-figwheel/pprj_base/Figwheel.pprj: 0 sec -- ProjectChooser.loadProject()
2023.12.11 10:53:22.140 MSK INFO: UI display time = 0 sec -- ProjectManager$2.run()
2023.12.11 10:54:53.466 MSK INFO: *** SYSTEM START ***
2023.12.11 10:54:53.645 MSK WARNING: missing bundle: protege_text -- BundleHelper.<init>()
2023.12.11 10:55:03.480 MSK INFO: Load time for file:/home/ru/clojure/pro-figwheel/pprj_apps/HelloReagent.pprj = 0 sec (project) + 4 sec (ui) -- ProjectManager$3.run()
2023.12.11 10:58:28.316 MSK INFO: Project load time for file:/home/ru/clojure/pro-figwheel/pprj_base/Figwheel.pprj: 0 sec -- ProjectChooser.loadProject()
2023.12.11 10:58:28.515 MSK INFO: UI display time = 0 sec -- ProjectManager$2.run()
2023.12.11 10:59:08.404 MSK INFO: *** SYSTEM START ***
2023.12.11 10:59:08.584 MSK WARNING: missing bundle: protege_text -- BundleHelper.<init>()
2023.12.11 10:59:27.843 MSK INFO: Load time for file:/home/ru/clojure/pro-figwheel/pprj_apps/HelloReagent.pprj = 0 sec (project) + 4 sec (ui) -- ProjectManager$3.run()
2023.12.11 11:07:57.782 MSK INFO: *** SYSTEM START ***
2023.12.11 11:07:57.966 MSK WARNING: missing bundle: protege_text -- BundleHelper.<init>()
2023.12.11 11:08:05.698 MSK INFO: Load time for file:/home/ru/clojure/pro-figwheel/pprj_apps/HelloReagent.pprj = 0 sec (project) + 4 sec (ui) -- ProjectManager$3.run()
2023.12.11 11:11:45.025 MSK INFO: Project load time for file:/home/ru/clojure/pro-figwheel/pprj_base/Figwheel.pprj: 0 sec -- ProjectChooser.loadProject()
2023.12.11 11:11:45.222 MSK INFO: UI display time = 0 sec -- ProjectManager$2.run()
2023.12.11 11:14:59.532 MSK INFO: *** SYSTEM START ***
2023.12.11 11:14:59.717 MSK WARNING: missing bundle: protege_text -- BundleHelper.<init>()
2023.12.11 11:15:08.422 MSK INFO: Load time for file:/home/ru/clojure/pro-figwheel/pprj_apps/HelloReagent.pprj = 0 sec (project) + 4 sec (ui) -- ProjectManager$3.run()
2023.12.11 11:16:59.292 MSK INFO: *** SYSTEM START ***
2023.12.11 11:16:59.482 MSK WARNING: missing bundle: protege_text -- BundleHelper.<init>()
2023.12.11 11:17:23.675 MSK INFO: Project load time for file:/home/ru/clojure/pro-figwheel/pprj_apps/HelloBackend.pprj: 0 sec -- ProjectChooser.loadProject()
2023.12.11 11:17:27.792 MSK INFO: UI display time = 4 sec -- ProjectManager$2.run()
2023.12.11 11:19:15.313 MSK INFO: Project load time for file:/home/ru/clojure/pro-figwheel/pprj_apps/HelloPage.pprj: 0 sec -- ProjectChooser.loadProject()
2023.12.11 11:19:15.615 MSK INFO: UI display time = 0 sec -- ProjectManager$2.run()
2023.12.11 11:20:19.573 MSK INFO: Project load time for file:/home/ru/clojure/pro-figwheel/pprj_apps/HelloWorld.pprj: 0 sec -- ProjectChooser.loadProject()
2023.12.11 11:20:19.838 MSK INFO: UI display time = 0 sec -- ProjectManager$2.run()
